run_id=clean-final
raw_records=247
cleaned_records=34
quarantine_records=213
cleaned_csv=artifacts\cleaned\cleaned_clean-final.csv
quarantine_csv=artifacts\quarantine\quarantine_clean-final.csv
expectation[min_one_row] OK (halt) :: cleaned_rows=34
expectation[no_empty_doc_id] OK (halt) :: empty_doc_id_count=0
expectation[refund_no_stale_14d_window] OK (halt) :: violations=0
expectation[chunk_min_length_8] OK (warn) :: short_chunks=0
expectation[effective_date_iso_yyyy_mm_dd] OK (halt) :: non_iso_rows=0
expectation[hr_leave_no_stale_10d_annual] OK (halt) :: violations=0
expectation[canonical_doc_coverage] OK (halt) :: missing_doc_ids=[]
expectation[access_control_level4_approvers_present] OK (halt) :: matching_chunks=1
expectation[no_export_noise_prefixes] OK (warn) :: noisy_chunks=0
embed_fallback_jsonl count=34 path=artifacts\index\local_index.jsonl
manifest_written=artifacts\manifests\manifest_clean-final.json
freshness_check=FAIL {"latest_exported_at": "2026-04-10T00:00:00", "age_hours": 1470.395, "sla_hours": 24.0, "reason": "freshness_sla_exceeded"}
PIPELINE_OK
run_id=clean-final
raw_records=247
cleaned_records=34
quarantine_records=213
cleaned_csv=artifacts\cleaned\cleaned_clean-final.csv
quarantine_csv=artifacts\quarantine\quarantine_clean-final.csv
expectation[min_one_row] OK (halt) :: cleaned_rows=34
expectation[no_empty_doc_id] OK (halt) :: empty_doc_id_count=0
expectation[refund_no_stale_14d_window] OK (halt) :: violations=0
expectation[chunk_min_length_8] OK (warn) :: short_chunks=0
expectation[effective_date_iso_yyyy_mm_dd] OK (halt) :: non_iso_rows=0
expectation[hr_leave_no_stale_10d_annual] OK (halt) :: violations=0
expectation[canonical_doc_coverage] OK (halt) :: missing_doc_ids=[]
expectation[access_control_level4_approvers_present] OK (halt) :: matching_chunks=1
expectation[no_export_noise_prefixes] OK (warn) :: noisy_chunks=0
embed_upsert count=34 collection=day10_kb
manifest_written=artifacts\manifests\manifest_clean-final.json
freshness_check=FAIL {"latest_exported_at": "2026-04-10T00:00:00", "age_hours": 1470.732, "sla_hours": 24.0, "reason": "freshness_sla_exceeded"}
PIPELINE_OK
